<?xml version="1.0" encoding="UTF-8"?>
<!-- Generated by org.testng.reporters.JUnitXMLReporter -->
<testsuite ignored="0" hostname="PC177" failures="0" tests="6" name="Test" time="31.291" errors="0" timestamp="2023-01-02T18:47:54 IST">
  <testcase classname="TestPricing.TestPricing_001" name="@AfterMethod browserclosed" time="3.09">
    <failure type="org.openqa.selenium.ElementClickInterceptedException" message="element click intercepted: Element &amp;lt;img _ngcontent-serverapp-c422=&amp;quot;&amp;quot; alt=&amp;quot;Avatar&amp;quot; src=&amp;quot;assets/images/avatar.svg&amp;quot;&amp;gt; is not clickable at point (1872, 35). Other element would receive the click: &amp;lt;div class=&amp;quot;cdk-overlay-backdrop cdk-overlay-dark-backdrop cdk-overlay-backdrop-showing&amp;quot;&amp;gt;&amp;lt;/div&amp;gt;
  (Session info: chrome=108.0.5359.125)
Build info: version: &amp;apos;4.1.2&amp;apos;, revision: &amp;apos;9a5a329c5a&amp;apos;
System info: host: &amp;apos;PC177&amp;apos;, ip: &amp;apos;192.168.0.90&amp;apos;, os.name: &amp;apos;Windows 11&amp;apos;, os.arch: &amp;apos;amd64&amp;apos;, os.version: &amp;apos;10.0&amp;apos;, java.version: &amp;apos;19&amp;apos;
Driver info: org.openqa.selenium.chrome.ChromeDriver
Command: [4d677c6514279c897d376d89dd6531d5, clickElement {id=3a81d1ed-5e8a-4aea-bb1e-4e6511ecf095}]
Capabilities {acceptInsecureCerts: false, browserName: chrome, browserVersion: 108.0.5359.125, chrome: {chromedriverVersion: 107.0.5304.62 (1eec40d3a576..., userDataDir: C:\Users\GANESH~1\AppData\L...}, goog:chromeOptions: {debuggerAddress: localhost:51124}, javascriptEnabled: true, networkConnectionEnabled: false, pageLoadStrategy: normal, platform: WINDOWS, platformName: WINDOWS, proxy: Proxy(), se:cdp: ws://localhost:51124/devtoo..., se:cdpVersion: 108.0.5359.125, setWindowRect: true, strictFileInteractability: false, timeouts: {implicit: 0, pageLoad: 300000, script: 30000}, unhandledPromptBehavior: dismiss and notify, webauthn:extension:credBlob: true, webauthn:extension:largeBlob: true, webauthn:virtualAuthenticators: true}
Element: [[ChromeDriver: chrome on WINDOWS (4d677c6514279c897d376d89dd6531d5)] -&amp;gt; xpath: //img[@alt=&amp;quot;Avatar&amp;quot;]]
Session ID: 4d677c6514279c897d376d89dd6531d5">
      <![CDATA[org.openqa.selenium.ElementClickInterceptedException: element click intercepted: Element <img _ngcontent-serverapp-c422="" alt="Avatar" src="assets/images/avatar.svg"> is not clickable at point (1872, 35). Other element would receive the click: <div class="cdk-overlay-backdrop cdk-overlay-dark-backdrop cdk-overlay-backdrop-showing"></div>
  (Session info: chrome=108.0.5359.125)
Build info: version: '4.1.2', revision: '9a5a329c5a'
System info: host: 'PC177', ip: '192.168.0.90', os.name: 'Windows 11', os.arch: 'amd64', os.version: '10.0', java.version: '19'
Driver info: org.openqa.selenium.chrome.ChromeDriver
Command: [4d677c6514279c897d376d89dd6531d5, clickElement {id=3a81d1ed-5e8a-4aea-bb1e-4e6511ecf095}]
Capabilities {acceptInsecureCerts: false, browserName: chrome, browserVersion: 108.0.5359.125, chrome: {chromedriverVersion: 107.0.5304.62 (1eec40d3a576..., userDataDir: C:\Users\GANESH~1\AppData\L...}, goog:chromeOptions: {debuggerAddress: localhost:51124}, javascriptEnabled: true, networkConnectionEnabled: false, pageLoadStrategy: normal, platform: WINDOWS, platformName: WINDOWS, proxy: Proxy(), se:cdp: ws://localhost:51124/devtoo..., se:cdpVersion: 108.0.5359.125, setWindowRect: true, strictFileInteractability: false, timeouts: {implicit: 0, pageLoad: 300000, script: 30000}, unhandledPromptBehavior: dismiss and notify, webauthn:extension:credBlob: true, webauthn:extension:largeBlob: true, webauthn:virtualAuthenticators: true}
Element: [[ChromeDriver: chrome on WINDOWS (4d677c6514279c897d376d89dd6531d5)] -> xpath: //img[@alt="Avatar"]]
Session ID: 4d677c6514279c897d376d89dd6531d5
at org.openqa.selenium.remote.codec.w3c.W3CHttpResponseCodec.createException(W3CHttpResponseCodec.java:200)
at org.openqa.selenium.remote.codec.w3c.W3CHttpResponseCodec.decode(W3CHttpResponseCodec.java:133)
at org.openqa.selenium.remote.codec.w3c.W3CHttpResponseCodec.decode(W3CHttpResponseCodec.java:53)
at org.openqa.selenium.remote.HttpCommandExecutor.execute(HttpCommandExecutor.java:184)
at org.openqa.selenium.remote.service.DriverCommandExecutor.invokeExecute(DriverCommandExecutor.java:167)
at org.openqa.selenium.remote.service.DriverCommandExecutor.execute(DriverCommandExecutor.java:142)
at org.openqa.selenium.remote.RemoteWebDriver.execute(RemoteWebDriver.java:558)
at org.openqa.selenium.remote.RemoteWebElement.execute(RemoteWebElement.java:251)
at org.openqa.selenium.remote.RemoteWebElement.click(RemoteWebElement.java:77)
at TestPricing.TestPricing_001.browserclosed(TestPricing_001.java:152)
at java.base/java.util.ArrayList.forEach(ArrayList.java:1511)
... Removed 33 stack frames]]>
    </failure>
  </testcase> <!-- @AfterMethod browserclosed -->
  <testcase classname="TestPricing.TestPricing_001" name="@BeforeMethod login" time="0.0">
    <skipped/>
  </testcase> <!-- @BeforeMethod login -->
  <testcase classname="TestPricing.TestPricing_001" name="@AfterMethod browserclosed" time="0.0">
    <skipped/>
  </testcase> <!-- @AfterMethod browserclosed -->
  <testcase classname="TestPricing.TestPricing_001" name="@BeforeMethod login" time="0.0">
    <skipped/>
  </testcase> <!-- @BeforeMethod login -->
  <testcase classname="TestPricing.TestPricing_001" name="@AfterMethod browserclosed" time="0.0">
    <skipped/>
  </testcase> <!-- @AfterMethod browserclosed -->
  <testcase classname="TestPricing.TestPricing_001" name="@BeforeMethod login" time="0.0">
    <skipped/>
  </testcase> <!-- @BeforeMethod login -->
  <testcase classname="TestPricing.TestPricing_001" name="@AfterMethod browserclosed" time="0.0">
    <skipped/>
  </testcase> <!-- @AfterMethod browserclosed -->
  <testcase classname="TestPricing.TestPricing_001" name="@BeforeMethod login" time="0.0">
    <skipped/>
  </testcase> <!-- @BeforeMethod login -->
  <testcase classname="TestPricing.TestPricing_001" name="@AfterMethod browserclosed" time="0.0">
    <skipped/>
  </testcase> <!-- @AfterMethod browserclosed -->
  <testcase classname="TestPricing.TestPricing_001" name="@BeforeMethod login" time="0.0">
    <skipped/>
  </testcase> <!-- @BeforeMethod login -->
  <testcase classname="TestPricing.TestPricing_001" name="@AfterMethod browserclosed" time="0.0">
    <skipped/>
  </testcase> <!-- @AfterMethod browserclosed -->
  <testcase classname="TestPricing.TestPricing_001" name="@AfterClass TearDown" time="0.0">
    <skipped/>
  </testcase> <!-- @AfterClass TearDown -->
  <testcase classname="TestPricing.TestPricing_001" name="test" time="3.604"/>
  <testcase classname="TestPricing.TestPricing_001" name="test1" time="0.0">
    <skipped/>
  </testcase> <!-- test1 -->
  <testcase classname="TestPricing.TestPricing_001" name="editeemail" time="0.0">
    <skipped/>
  </testcase> <!-- editeemail -->
  <testcase classname="TestPricing.TestPricing_001" name="editenumber" time="0.0">
    <skipped/>
  </testcase> <!-- editenumber -->
  <testcase classname="TestPricing.TestPricing_001" name="editepass" time="0.0">
    <skipped/>
  </testcase> <!-- editepass -->
  <testcase classname="TestPricing.TestPricing_001" name="twostepverification" time="0.0">
    <skipped/>
  </testcase> <!-- twostepverification -->
</testsuite> <!-- Test -->
